Determining if the pthread_create exist failed with the following output:
Change Dir: /home/agah/Desktop/RTHawk/dene/build/CMakeFiles/CMakeTmp

Run Build Command:"/usr/bin/make" "cmTC_3fca4/fast"
/usr/bin/make -f CMakeFiles/cmTC_3fca4.dir/build.make CMakeFiles/cmTC_3fca4.dir/build
make[1]: Entering directory '/home/agah/Desktop/RTHawk/dene/build/CMakeFiles/CMakeTmp'
Building C object CMakeFiles/cmTC_3fca4.dir/CheckSymbolExists.c.o
/usr/bin/gcc-4.9    -o CMakeFiles/cmTC_3fca4.dir/CheckSymbolExists.c.o   -c /home/agah/Desktop/RTHawk/dene/build/CMakeFiles/CMakeTmp/CheckSymbolExists.c
Linking C executable cmTC_3fca4
/usr/local/bin/cmake -E cmake_link_script CMakeFiles/cmTC_3fca4.dir/link.txt --verbose=1
/usr/bin/gcc-4.9      CMakeFiles/cmTC_3fca4.dir/CheckSymbolExists.c.o  -o cmTC_3fca4 
CMakeFiles/cmTC_3fca4.dir/CheckSymbolExists.c.o: In function `main':
CheckSymbolExists.c:(.text+0x16): undefined reference to `pthread_create'
collect2: error: ld returned 1 exit status
CMakeFiles/cmTC_3fca4.dir/build.make:86: recipe for target 'cmTC_3fca4' failed
make[1]: *** [cmTC_3fca4] Error 1
make[1]: Leaving directory '/home/agah/Desktop/RTHawk/dene/build/CMakeFiles/CMakeTmp'
Makefile:121: recipe for target 'cmTC_3fca4/fast' failed
make: *** [cmTC_3fca4/fast] Error 2

File /home/agah/Desktop/RTHawk/dene/build/CMakeFiles/CMakeTmp/CheckSymbolExists.c:
/* */
#include <pthread.h>

int main(int argc, char** argv)
{
  (void)argv;
#ifndef pthread_create
  return ((int*)(&pthread_create))[argc];
#else
  (void)argc;
  return 0;
#endif
}

Determining if the function pthread_create exists in the pthreads failed with the following output:
Change Dir: /home/agah/Desktop/RTHawk/dene/build/CMakeFiles/CMakeTmp

Run Build Command:"/usr/bin/make" "cmTC_1819b/fast"
/usr/bin/make -f CMakeFiles/cmTC_1819b.dir/build.make CMakeFiles/cmTC_1819b.dir/build
make[1]: Entering directory '/home/agah/Desktop/RTHawk/dene/build/CMakeFiles/CMakeTmp'
Building C object CMakeFiles/cmTC_1819b.dir/CheckFunctionExists.c.o
/usr/bin/gcc-4.9   -DCHECK_FUNCTION_EXISTS=pthread_create   -o CMakeFiles/cmTC_1819b.dir/CheckFunctionExists.c.o   -c /usr/local/share/cmake-3.13/Modules/CheckFunctionExists.c
Linking C executable cmTC_1819b
/usr/local/bin/cmake -E cmake_link_script CMakeFiles/cmTC_1819b.dir/link.txt --verbose=1
/usr/bin/gcc-4.9  -DCHECK_FUNCTION_EXISTS=pthread_create    CMakeFiles/cmTC_1819b.dir/CheckFunctionExists.c.o  -o cmTC_1819b -lpthreads 
/usr/bin/ld: cannot find -lpthreads
collect2: error: ld returned 1 exit status
CMakeFiles/cmTC_1819b.dir/build.make:86: recipe for target 'cmTC_1819b' failed
make[1]: *** [cmTC_1819b] Error 1
make[1]: Leaving directory '/home/agah/Desktop/RTHawk/dene/build/CMakeFiles/CMakeTmp'
Makefile:121: recipe for target 'cmTC_1819b/fast' failed
make: *** [cmTC_1819b/fast] Error 2


